  CRActor.cpp
C:\Users\jijij\OneDrive\문서\GitHub\ConsoleRPG1\ConsoleRPG\CREventManager.h(1,1): warning C4819: 현재 코드 페이지(949)에서 표시할 수 없는 문자가 파일에 들어 있습니다. 데이터가 손실되지 않게 하려면 해당 파일을 유니코드 형식으로 저장하십시오.
  (소스 파일 'CRActor.cpp'을(를) 컴파일하는 중)
  
  CRGameSystem.cpp
C:\Users\jijij\OneDrive\문서\GitHub\ConsoleRPG1\ConsoleRPG\CREventManager.h(1,1): warning C4819: 현재 코드 페이지(949)에서 표시할 수 없는 문자가 파일에 들어 있습니다. 데이터가 손실되지 않게 하려면 해당 파일을 유니코드 형식으로 저장하십시오.
  (소스 파일 'CRGameSystem.cpp'을(를) 컴파일하는 중)
  
  CRGoblin.cpp
C:\Users\jijij\OneDrive\문서\GitHub\ConsoleRPG1\ConsoleRPG\CREventManager.h(1,1): warning C4819: 현재 코드 페이지(949)에서 표시할 수 없는 문자가 파일에 들어 있습니다. 데이터가 손실되지 않게 하려면 해당 파일을 유니코드 형식으로 저장하십시오.
  (소스 파일 'CRGoblin.cpp'을(를) 컴파일하는 중)
  
  CRMonsterBase.cpp
C:\Users\jijij\OneDrive\문서\GitHub\ConsoleRPG1\ConsoleRPG\CREventManager.h(1,1): warning C4819: 현재 코드 페이지(949)에서 표시할 수 없는 문자가 파일에 들어 있습니다. 데이터가 손실되지 않게 하려면 해당 파일을 유니코드 형식으로 저장하십시오.
  (소스 파일 'CRMonsterBase.cpp'을(를) 컴파일하는 중)
  
  CROrc.cpp
C:\Users\jijij\OneDrive\문서\GitHub\ConsoleRPG1\ConsoleRPG\CREventManager.h(1,1): warning C4819: 현재 코드 페이지(949)에서 표시할 수 없는 문자가 파일에 들어 있습니다. 데이터가 손실되지 않게 하려면 해당 파일을 유니코드 형식으로 저장하십시오.
  (소스 파일 'CROrc.cpp'을(를) 컴파일하는 중)
  
  CRSlime.cpp
C:\Users\jijij\OneDrive\문서\GitHub\ConsoleRPG1\ConsoleRPG\CREventManager.h(1,1): warning C4819: 현재 코드 페이지(949)에서 표시할 수 없는 문자가 파일에 들어 있습니다. 데이터가 손실되지 않게 하려면 해당 파일을 유니코드 형식으로 저장하십시오.
  (소스 파일 'CRSlime.cpp'을(를) 컴파일하는 중)
  
  Troll.cpp
C:\Users\jijij\OneDrive\문서\GitHub\ConsoleRPG1\ConsoleRPG\CREventManager.h(1,1): warning C4819: 현재 코드 페이지(949)에서 표시할 수 없는 문자가 파일에 들어 있습니다. 데이터가 손실되지 않게 하려면 해당 파일을 유니코드 형식으로 저장하십시오.
  (소스 파일 'Troll.cpp'을(를) 컴파일하는 중)
  
  TrollKing.cpp
C:\Users\jijij\OneDrive\문서\GitHub\ConsoleRPG1\ConsoleRPG\CREventManager.h(1,1): warning C4819: 현재 코드 페이지(949)에서 표시할 수 없는 문자가 파일에 들어 있습니다. 데이터가 손실되지 않게 하려면 해당 파일을 유니코드 형식으로 저장하십시오.
  (소스 파일 'TrollKing.cpp'을(를) 컴파일하는 중)
  
  코드를 생성하고 있습니다...
  ConsoleRPG.vcxproj -> C:\Users\jijij\OneDrive\문서\GitHub\ConsoleRPG1\ConsoleRPG\x64\Debug\ConsoleRPG.exe
